<?xml version="1.0" encoding="UTF-8" standalone="no"?>
<testsuite failures="0" name="cucumber.runtime.formatter.JUnitFormatter" skipped="0" tests="1" time="47.493848">
    <testcase classname="Univesity Application Test" name="Validate University Home Page Test" time="47.493848">
        <system-out>
            <![CDATA[Given user is on browser....................................................passed
Then user is on login page..................................................passed
Then user log into app......................................................passed
Then validate home page title...............................................passed
]]>
        </system-out>
    </testcase>
</testsuite>
